<?xml version="1.0" encoding="UTF-8" ?>
<testsuite failures="0" time="0.009" errors="0" skipped="0" tests="1" name="edu.uoc.lti.AppTest">
  <properties>
    <property name="java.runtime.name" value="Java(TM) SE Runtime Environment"/>
    <property name="sun.boot.library.path" value="/System/Library/Java/JavaVirtualMachines/1.6.0.jdk/Contents/Libraries"/>
    <property name="java.vm.version" value="20.8-b03-424"/>
    <property name="awt.nativeDoubleBuffering" value="true"/>
    <property name="gopherProxySet" value="false"/>
    <property name="mrj.build" value="11M3720"/>
    <property name="java.vm.vendor" value="Apple Inc."/>
    <property name="java.vendor.url" value="http://www.apple.com/"/>
    <property name="path.separator" value=":"/>
    <property name="java.vm.name" value="Java HotSpot(TM) 64-Bit Server VM"/>
    <property name="file.encoding.pkg" value="sun.io"/>
    <property name="user.country" value="ES"/>
    <property name="sun.java.launcher" value="SUN_STANDARD"/>
    <property name="sun.os.patch.level" value="unknown"/>
    <property name="java.vm.specification.name" value="Java Virtual Machine Specification"/>
    <property name="user.dir" value="/Users/antonibertranbellido/uoc/javaLTI/lti4java"/>
    <property name="java.runtime.version" value="1.6.0_33-b03-424-11M3720"/>
    <property name="java.awt.graphicsenv" value="apple.awt.CGraphicsEnvironment"/>
    <property name="basedir" value="/Users/antonibertranbellido/uoc/javaLTI/lti4java"/>
    <property name="java.endorsed.dirs" value="/System/Library/Java/JavaVirtualMachines/1.6.0.jdk/Contents/Home/lib/endorsed"/>
    <property name="os.arch" value="x86_64"/>
    <property name="surefire.real.class.path" value="/Users/antonibertranbellido/uoc/javaLTI/lti4java/target/surefire/surefirebooter4627501074212632866.jar"/>
    <property name="java.io.tmpdir" value="/var/folders/sc/8dwt34bd5hv146z9p235n0f00000gn/T/"/>
    <property name="line.separator" value="
"/>
    <property name="java.vm.specification.vendor" value="Sun Microsystems Inc."/>
    <property name="os.name" value="Mac OS X"/>
    <property name="sun.jnu.encoding" value="MacRoman"/>
    <property name="java.library.path" value=".:/Library/Java/Extensions:/System/Library/Java/Extensions:/usr/lib/java"/>
    <property name="surefire.test.class.path" value="/Users/antonibertranbellido/uoc/javaLTI/lti4java/target/test-classes:/Users/antonibertranbellido/uoc/javaLTI/lti4java/target/classes:/Users/antonibertranbellido/.m2/repository/junit/junit/3.8.1/junit-3.8.1.jar:/Users/antonibertranbellido/.m2/repository/net/oauth/core/oauth/20100527/oauth-20100527.jar:/Users/antonibertranbellido/.m2/repository/log4j/apache-log4j-extras/1.0/apache-log4j-extras-1.0.jar:/Users/antonibertranbellido/.m2/repository/log4j/log4j/1.2.9/log4j-1.2.9.jar:/Users/antonibertranbellido/.m2/repository/javax/servlet/javax.servlet-api/3.1-b01/javax.servlet-api-3.1-b01.jar:/Users/antonibertranbellido/.m2/repository/net/oauth/core/oauth-provider/20100527/oauth-provider-20100527.jar:"/>
    <property name="java.specification.name" value="Java Platform API Specification"/>
    <property name="java.class.version" value="50.0"/>
    <property name="sun.management.compiler" value="HotSpot 64-Bit Tiered Compilers"/>
    <property name="os.version" value="10.7.4"/>
    <property name="http.nonProxyHosts" value="local|*.local|169.254/16|*.169.254/16"/>
    <property name="user.home" value="/Users/antonibertranbellido"/>
    <property name="user.timezone" value=""/>
    <property name="java.awt.printerjob" value="apple.awt.CPrinterJob"/>
    <property name="java.specification.version" value="1.6"/>
    <property name="file.encoding" value="MacRoman"/>
    <property name="user.name" value="antonibertranbellido"/>
    <property name="java.class.path" value="/Users/antonibertranbellido/uoc/javaLTI/lti4java/target/test-classes:/Users/antonibertranbellido/uoc/javaLTI/lti4java/target/classes:/Users/antonibertranbellido/.m2/repository/junit/junit/3.8.1/junit-3.8.1.jar:/Users/antonibertranbellido/.m2/repository/net/oauth/core/oauth/20100527/oauth-20100527.jar:/Users/antonibertranbellido/.m2/repository/log4j/apache-log4j-extras/1.0/apache-log4j-extras-1.0.jar:/Users/antonibertranbellido/.m2/repository/log4j/log4j/1.2.9/log4j-1.2.9.jar:/Users/antonibertranbellido/.m2/repository/javax/servlet/javax.servlet-api/3.1-b01/javax.servlet-api-3.1-b01.jar:/Users/antonibertranbellido/.m2/repository/net/oauth/core/oauth-provider/20100527/oauth-provider-20100527.jar:"/>
    <property name="java.vm.specification.version" value="1.0"/>
    <property name="sun.arch.data.model" value="64"/>
    <property name="java.home" value="/System/Library/Java/JavaVirtualMachines/1.6.0.jdk/Contents/Home"/>
    <property name="sun.java.command" value="/Users/antonibertranbellido/uoc/javaLTI/lti4java/target/surefire/surefirebooter4627501074212632866.jar /Users/antonibertranbellido/uoc/javaLTI/lti4java/target/surefire/surefire1244144252277212774tmp /Users/antonibertranbellido/uoc/javaLTI/lti4java/target/surefire/surefire7044931792363881928tmp"/>
    <property name="java.specification.vendor" value="Sun Microsystems Inc."/>
    <property name="user.language" value="es"/>
    <property name="awt.toolkit" value="apple.awt.CToolkit"/>
    <property name="java.vm.info" value="mixed mode"/>
    <property name="java.version" value="1.6.0_33"/>
    <property name="java.ext.dirs" value="/Library/Java/Extensions:/System/Library/Java/Extensions:/System/Library/Java/JavaVirtualMachines/1.6.0.jdk/Contents/Home/lib/ext"/>
    <property name="sun.boot.class.path" value="/System/Library/Java/JavaVirtualMachines/1.6.0.jdk/Contents/Classes/jsfd.jar:/System/Library/Java/JavaVirtualMachines/1.6.0.jdk/Contents/Classes/classes.jar:/System/Library/Frameworks/JavaVM.framework/Frameworks/JavaRuntimeSupport.framework/Resources/Java/JavaRuntimeSupport.jar:/System/Library/Java/JavaVirtualMachines/1.6.0.jdk/Contents/Classes/ui.jar:/System/Library/Java/JavaVirtualMachines/1.6.0.jdk/Contents/Classes/laf.jar:/System/Library/Java/JavaVirtualMachines/1.6.0.jdk/Contents/Classes/sunrsasign.jar:/System/Library/Java/JavaVirtualMachines/1.6.0.jdk/Contents/Classes/jsse.jar:/System/Library/Java/JavaVirtualMachines/1.6.0.jdk/Contents/Classes/jce.jar:/System/Library/Java/JavaVirtualMachines/1.6.0.jdk/Contents/Classes/charsets.jar"/>
    <property name="java.vendor" value="Apple Inc."/>
    <property name="localRepository" value="/Users/antonibertranbellido/.m2/repository"/>
    <property name="file.separator" value="/"/>
    <property name="java.vendor.url.bug" value="http://bugreport.apple.com/"/>
    <property name="sun.cpu.endian" value="little"/>
    <property name="sun.io.unicode.encoding" value="UnicodeLittle"/>
    <property name="mrj.version" value="1070.1.6.0_33-424"/>
    <property name="socksNonProxyHosts" value="local|*.local|169.254/16|*.169.254/16"/>
    <property name="ftp.nonProxyHosts" value="local|*.local|169.254/16|*.169.254/16"/>
    <property name="sun.cpu.isalist" value=""/>
  </properties>
  <testcase time="0.001" classname="edu.uoc.lti.AppTest" name="testApp"/>
</testsuite>